Collected data for stop GRGLIB:2 at 2026-03-23 01:36:19.264044
0   2026-03-23 01:44:00-05:00
2   2026-03-23 01:54:00-05:00
3   2026-03-23 02:04:00-05:00
Name: scheduled, dtype: datetime64[us, UTC-05:00]
0   2026-03-23 01:44:00-05:00
2   2026-03-23 01:54:00-05:00
3   2026-03-23 02:04:00-05:00
Name: expected, dtype: datetime64[us, UTC-05:00]
Collected data for stop GRGLIB:2 at 2026-03-23 01:36:19.264044
Collected data for stop ARYWRT:5 at 2026-03-23 01:36:19.264044
1   2026-03-23 01:43:20-05:00
3   2026-03-23 01:53:20-05:00
4   2026-03-23 02:03:20-05:00
Name: scheduled, dtype: datetime64[us, UTC-05:00]
1   2026-03-23 01:43:20-05:00
3   2026-03-23 01:53:20-05:00
4   2026-03-23 02:03:20-05:00
Name: expected, dtype: datetime64[us, UTC-05:00]
Collected data for stop ARYWRT:5 at 2026-03-23 01:36:19.264044
Collected data for stop PLAZA:4 at 2026-03-23 01:36:19.264044
1   2026-03-23 01:44:00-05:00
3   2026-03-23 01:54:00-05:00
4   2026-03-23 02:04:00-05:00
Name: scheduled, dtype: datetime64[us, UTC-05:00]
1   2026-03-23 01:44:00-05:00
3   2026-03-23 01:54:00-05:00
4   2026-03-23 02:04:00-05:00
Name: expected, dtype: datetime64[us, UTC-05:00]
Collected data for stop PLAZA:4 at 2026-03-23 01:36:19.264044
Collected data for stop IU:1 at 2026-03-23 01:36:19.264044
0   2026-03-23 01:36:00-05:00
2   2026-03-23 01:46:00-05:00
4   2026-03-23 01:56:00-05:00
7   2026-03-23 02:06:00-05:00
Name: scheduled, dtype: datetime64[us, UTC-05:00]
0   2026-03-23 01:36:00-05:00
2   2026-03-23 01:46:00-05:00
4   2026-03-23 01:56:00-05:00
7   2026-03-23 02:06:00-05:00
Name: expected, dtype: datetime64[us, UTC-05:00]
Collected data for stop IU:1 at 2026-03-23 01:36:19.264044
Collected data for stop GRNGWN:7 at 2026-03-23 01:36:19.264044
Series([], Name: scheduled, dtype: datetime64[s])
Series([], Name: expected, dtype: datetime64[s])
Collected data for stop GRNGWN:7 at 2026-03-23 01:36:19.264044
Collected data for stop CHEMLS:1 at 2026-03-23 01:36:19.264044
0   2026-03-23 01:40:40-05:00
2   2026-03-23 01:50:40-05:00
3   2026-03-23 02:00:40-05:00
Name: scheduled, dtype: datetime64[us, UTC-05:00]
0   2026-03-23 01:40:40-05:00
2   2026-03-23 01:50:40-05:00
3   2026-03-23 02:00:40-05:00
Name: expected, dtype: datetime64[us, UTC-05:00]
Collected data for stop CHEMLS:1 at 2026-03-23 01:36:19.264044
Collected data for stop GWNNV:4 at 2026-03-23 01:36:19.264044
0   2026-03-23 01:42:00-05:00
2   2026-03-23 01:52:00-05:00
3   2026-03-23 02:02:00-05:00
Name: scheduled, dtype: datetime64[us, UTC-05:00]
0   2026-03-23 01:42:00-05:00
2   2026-03-23 01:52:00-05:00
3   2026-03-23 02:02:00-05:00
Name: expected, dtype: datetime64[us, UTC-05:00]
Collected data for stop GWNNV:4 at 2026-03-23 01:36:19.264044
Collected data for stop 5THARY:3 at 2026-03-23 01:36:19.264044
0   2026-03-23 01:42:39-05:00
1   2026-03-23 01:52:39-05:00
2   2026-03-23 02:02:39-05:00
Name: scheduled, dtype: datetime64[us, UTC-05:00]
0   2026-03-23 01:42:39-05:00
1   2026-03-23 01:52:39-05:00
2   2026-03-23 02:02:39-05:00
Name: expected, dtype: datetime64[us, UTC-05:00]
Collected data for stop 5THARY:3 at 2026-03-23 01:36:19.264044
Collected data for stop GRGLIB:1 at 2026-03-23 01:36:19.264044
Series([], Name: scheduled, dtype: datetime64[s])
Series([], Name: expected, dtype: datetime64[s])
Collected data for stop GRGLIB:1 at 2026-03-23 01:36:19.264044
Collected data for stop GRGMUM:1 at 2026-03-23 01:36:19.264044
Series([], Name: scheduled, dtype: datetime64[s])
Series([], Name: expected, dtype: datetime64[s])
Collected data for stop GRGMUM:1 at 2026-03-23 01:36:19.264044
Collected data for stop GWNGRG:3 at 2026-03-23 01:36:19.264044
Series([], Name: scheduled, dtype: datetime64[s])
Series([], Name: expected, dtype: datetime64[s])
Collected data for stop GWNGRG:3 at 2026-03-23 01:36:19.264044
Collected data for stop GWNNV:2 at 2026-03-23 01:36:19.264044
1   2026-03-23 01:45:26-05:00
4   2026-03-23 02:05:26-05:00
Name: scheduled, dtype: datetime64[us, UTC-05:00]
1   2026-03-23 01:45:26-05:00
4   2026-03-23 02:05:26-05:00
Name: expected, dtype: datetime64[us, UTC-05:00]
Collected data for stop GWNNV:2 at 2026-03-23 01:36:19.264044
Collected data for stop GRGLIB:2 at 2026-03-23 01:37:24.050309
0   2026-03-23 01:44:00-05:00
2   2026-03-23 01:54:00-05:00
3   2026-03-23 02:04:00-05:00
Name: scheduled, dtype: datetime64[us, UTC-05:00]
0   2026-03-23 01:44:00-05:00
2   2026-03-23 01:54:00-05:00
3   2026-03-23 02:04:00-05:00
Name: expected, dtype: datetime64[us, UTC-05:00]
Collected data for stop GRGLIB:2 at 2026-03-23 01:37:24.050309
Collected data for stop ARYWRT:5 at 2026-03-23 01:37:24.050309
0   2026-03-23 01:43:20-05:00
2   2026-03-23 01:53:20-05:00
3   2026-03-23 02:03:20-05:00
Name: scheduled, dtype: datetime64[us, UTC-05:00]
0   2026-03-23 01:43:20-05:00
2   2026-03-23 01:53:20-05:00
3   2026-03-23 02:03:20-05:00
Name: expected, dtype: datetime64[us, UTC-05:00]
Collected data for stop ARYWRT:5 at 2026-03-23 01:37:24.050309
Collected data for stop PLAZA:4 at 2026-03-23 01:37:24.050309
1   2026-03-23 01:44:00-05:00
3   2026-03-23 01:54:00-05:00
4   2026-03-23 02:04:00-05:00
Name: scheduled, dtype: datetime64[us, UTC-05:00]
1   2026-03-23 01:44:00-05:00
3   2026-03-23 01:54:00-05:00
4   2026-03-23 02:04:00-05:00
Name: expected, dtype: datetime64[us, UTC-05:00]
Collected data for stop PLAZA:4 at 2026-03-23 01:37:24.050309
Collected data for stop IU:1 at 2026-03-23 01:37:24.050309
1   2026-03-23 01:46:00-05:00
3   2026-03-23 01:56:00-05:00
6   2026-03-23 02:06:00-05:00
Name: scheduled, dtype: datetime64[us, UTC-05:00]
1   2026-03-23 01:46:00-05:00
3   2026-03-23 01:56:00-05:00
6   2026-03-23 02:06:00-05:00
Name: expected, dtype: datetime64[us, UTC-05:00]
Collected data for stop IU:1 at 2026-03-23 01:37:24.050309
Collected data for stop GRNGWN:7 at 2026-03-23 01:37:24.050309
Series([], Name: scheduled, dtype: datetime64[s])
Series([], Name: expected, dtype: datetime64[s])
Collected data for stop GRNGWN:7 at 2026-03-23 01:37:24.050309
Collected data for stop CHEMLS:1 at 2026-03-23 01:37:24.050309
0   2026-03-23 01:40:40-05:00
2   2026-03-23 01:50:40-05:00
3   2026-03-23 02:00:40-05:00
Name: scheduled, dtype: datetime64[us, UTC-05:00]
0   2026-03-23 01:40:40-05:00
2   2026-03-23 01:50:40-05:00
3   2026-03-23 02:00:40-05:00
Name: expected, dtype: datetime64[us, UTC-05:00]
Collected data for stop CHEMLS:1 at 2026-03-23 01:37:24.050309
Collected data for stop GWNNV:4 at 2026-03-23 01:37:24.050309
0   2026-03-23 01:42:00-05:00
2   2026-03-23 01:52:00-05:00
3   2026-03-23 02:02:00-05:00
Name: scheduled, dtype: datetime64[us, UTC-05:00]
0   2026-03-23 01:42:00-05:00
2   2026-03-23 01:52:00-05:00
3   2026-03-23 02:02:00-05:00
Name: expected, dtype: datetime64[us, UTC-05:00]
Collected data for stop GWNNV:4 at 2026-03-23 01:37:24.050309
Collected data for stop 5THARY:3 at 2026-03-23 01:37:24.050309
0   2026-03-23 01:42:39-05:00
1   2026-03-23 01:52:39-05:00
2   2026-03-23 02:02:39-05:00
Name: scheduled, dtype: datetime64[us, UTC-05:00]
0   2026-03-23 01:42:39-05:00
1   2026-03-23 01:52:39-05:00
2   2026-03-23 02:02:39-05:00
Name: expected, dtype: datetime64[us, UTC-05:00]
Collected data for stop 5THARY:3 at 2026-03-23 01:37:24.050309
Collected data for stop GRGLIB:1 at 2026-03-23 01:37:24.050309
Series([], Name: scheduled, dtype: datetime64[s])
Series([], Name: expected, dtype: datetime64[s])
Collected data for stop GRGLIB:1 at 2026-03-23 01:37:24.050309
Collected data for stop GRGMUM:1 at 2026-03-23 01:37:24.050309
Series([], Name: scheduled, dtype: datetime64[s])
Series([], Name: expected, dtype: datetime64[s])
Collected data for stop GRGMUM:1 at 2026-03-23 01:37:24.050309
Collected data for stop GWNGRG:3 at 2026-03-23 01:37:24.050309
Series([], Name: scheduled, dtype: datetime64[s])
Series([], Name: expected, dtype: datetime64[s])
Collected data for stop GWNGRG:3 at 2026-03-23 01:37:24.050309
Collected data for stop GWNNV:2 at 2026-03-23 01:37:24.050309
1   2026-03-23 01:45:26-05:00
4   2026-03-23 02:05:26-05:00
Name: scheduled, dtype: datetime64[us, UTC-05:00]
1   2026-03-23 01:45:26-05:00
4   2026-03-23 02:05:26-05:00
Name: expected, dtype: datetime64[us, UTC-05:00]
Collected data for stop GWNNV:2 at 2026-03-23 01:37:24.050309
Traceback (most recent call last):
  File "C:\Users\spkidz_su\sigaida_project\sigaida-guided-project\bus-data\src\main.py", line 51, in <module>
    time.sleep(60)
    ~~~~~~~~~~^^^^
KeyboardInterrupt
Collected data for stop GRGLIB:2 at 2026-03-23 01:38:04.210486
0   2026-03-23 01:44:00-05:00
2   2026-03-23 01:54:00-05:00
3   2026-03-23 02:04:00-05:00
Name: scheduled, dtype: datetime64[us, UTC-05:00]
0   2026-03-23 01:44:00-05:00
2   2026-03-23 01:54:00-05:00
3   2026-03-23 02:04:00-05:00
Name: expected, dtype: datetime64[us, UTC-05:00]
Collected data for stop GRGLIB:2 at 2026-03-23 01:38:04.210486
Collected data for stop ARYWRT:5 at 2026-03-23 01:38:04.210486
0   2026-03-23 01:43:20-05:00
2   2026-03-23 01:53:20-05:00
3   2026-03-23 02:03:20-05:00
Name: scheduled, dtype: datetime64[us, UTC-05:00]
0   2026-03-23 01:43:20-05:00
2   2026-03-23 01:53:20-05:00
3   2026-03-23 02:03:20-05:00
Name: expected, dtype: datetime64[us, UTC-05:00]
Collected data for stop ARYWRT:5 at 2026-03-23 01:38:04.210486
Collected data for stop PLAZA:4 at 2026-03-23 01:38:04.210486
0   2026-03-23 01:44:00-05:00
2   2026-03-23 01:54:00-05:00
3   2026-03-23 02:04:00-05:00
Name: scheduled, dtype: datetime64[us, UTC-05:00]
0   2026-03-23 01:44:00-05:00
2   2026-03-23 01:54:00-05:00
3   2026-03-23 02:04:00-05:00
Name: expected, dtype: datetime64[us, UTC-05:00]
Collected data for stop PLAZA:4 at 2026-03-23 01:38:04.210486
Collected data for stop IU:1 at 2026-03-23 01:38:04.210486
1   2026-03-23 01:46:00-05:00
3   2026-03-23 01:56:00-05:00
6   2026-03-23 02:06:00-05:00
Name: scheduled, dtype: datetime64[us, UTC-05:00]
1   2026-03-23 01:46:00-05:00
3   2026-03-23 01:56:00-05:00
6   2026-03-23 02:06:00-05:00
Name: expected, dtype: datetime64[us, UTC-05:00]
Collected data for stop IU:1 at 2026-03-23 01:38:04.210486
Collected data for stop GRNGWN:7 at 2026-03-23 01:38:04.210486
Series([], Name: scheduled, dtype: datetime64[s])
Series([], Name: expected, dtype: datetime64[s])
Collected data for stop GRNGWN:7 at 2026-03-23 01:38:04.210486
Collected data for stop CHEMLS:1 at 2026-03-23 01:38:04.210486
0   2026-03-23 01:40:40-05:00
2   2026-03-23 01:50:40-05:00
3   2026-03-23 02:00:40-05:00
Name: scheduled, dtype: datetime64[us, UTC-05:00]
0   2026-03-23 01:40:40-05:00
2   2026-03-23 01:50:40-05:00
3   2026-03-23 02:00:40-05:00
Name: expected, dtype: datetime64[us, UTC-05:00]
Collected data for stop CHEMLS:1 at 2026-03-23 01:38:04.210486
Collected data for stop GWNNV:4 at 2026-03-23 01:38:04.210486
0   2026-03-23 01:42:00-05:00
2   2026-03-23 01:52:00-05:00
3   2026-03-23 02:02:00-05:00
Name: scheduled, dtype: datetime64[us, UTC-05:00]
0   2026-03-23 01:42:00-05:00
2   2026-03-23 01:52:00-05:00
3   2026-03-23 02:02:00-05:00
Name: expected, dtype: datetime64[us, UTC-05:00]
Collected data for stop GWNNV:4 at 2026-03-23 01:38:04.210486
Collected data for stop 5THARY:3 at 2026-03-23 01:38:04.210486
0   2026-03-23 01:42:39-05:00
1   2026-03-23 01:52:39-05:00
2   2026-03-23 02:02:39-05:00
Name: scheduled, dtype: datetime64[us, UTC-05:00]
0   2026-03-23 01:42:39-05:00
1   2026-03-23 01:52:39-05:00
2   2026-03-23 02:02:39-05:00
Name: expected, dtype: datetime64[us, UTC-05:00]
Collected data for stop 5THARY:3 at 2026-03-23 01:38:04.210486
Collected data for stop GRGLIB:1 at 2026-03-23 01:38:04.210486
Series([], Name: scheduled, dtype: datetime64[s])
Series([], Name: expected, dtype: datetime64[s])
Collected data for stop GRGLIB:1 at 2026-03-23 01:38:04.210486
Collected data for stop GRGMUM:1 at 2026-03-23 01:38:04.210486
Series([], Name: scheduled, dtype: datetime64[s])
Series([], Name: expected, dtype: datetime64[s])
Collected data for stop GRGMUM:1 at 2026-03-23 01:38:04.210486
Collected data for stop GWNGRG:3 at 2026-03-23 01:38:04.210486
Series([], Name: scheduled, dtype: datetime64[s])
Series([], Name: expected, dtype: datetime64[s])
Collected data for stop GWNGRG:3 at 2026-03-23 01:38:04.210486
Collected data for stop GWNNV:2 at 2026-03-23 01:38:04.210486
1   2026-03-23 01:45:26-05:00
4   2026-03-23 02:05:26-05:00
Name: scheduled, dtype: datetime64[us, UTC-05:00]
1   2026-03-23 01:45:26-05:00
4   2026-03-23 02:05:26-05:00
Name: expected, dtype: datetime64[us, UTC-05:00]
Collected data for stop GWNNV:2 at 2026-03-23 01:38:04.210486
Collected data for stop GRGLIB:2 at 2026-03-23 01:39:08.613273
0   2026-03-23 01:44:00-05:00
2   2026-03-23 01:54:00-05:00
3   2026-03-23 02:04:00-05:00
Name: scheduled, dtype: datetime64[us, UTC-05:00]
0   2026-03-23 01:44:00-05:00
2   2026-03-23 01:54:00-05:00
3   2026-03-23 02:04:00-05:00
Name: expected, dtype: datetime64[us, UTC-05:00]
Collected data for stop GRGLIB:2 at 2026-03-23 01:39:08.613273
Collected data for stop ARYWRT:5 at 2026-03-23 01:39:08.613273
0   2026-03-23 01:43:20-05:00
2   2026-03-23 01:53:20-05:00
3   2026-03-23 02:03:20-05:00
Name: scheduled, dtype: datetime64[us, UTC-05:00]
0   2026-03-23 01:43:20-05:00
2   2026-03-23 01:53:20-05:00
3   2026-03-23 02:03:20-05:00
Name: expected, dtype: datetime64[us, UTC-05:00]
Collected data for stop ARYWRT:5 at 2026-03-23 01:39:08.613273
Collected data for stop PLAZA:4 at 2026-03-23 01:39:08.613273
0   2026-03-23 01:44:00-05:00
2   2026-03-23 01:54:00-05:00
3   2026-03-23 02:04:00-05:00
Name: scheduled, dtype: datetime64[us, UTC-05:00]
0   2026-03-23 01:44:00-05:00
2   2026-03-23 01:54:00-05:00
3   2026-03-23 02:04:00-05:00
Name: expected, dtype: datetime64[us, UTC-05:00]
Collected data for stop PLAZA:4 at 2026-03-23 01:39:08.613273
Collected data for stop IU:1 at 2026-03-23 01:39:08.613273
1   2026-03-23 01:46:00-05:00
3   2026-03-23 01:56:00-05:00
6   2026-03-23 02:06:00-05:00
Name: scheduled, dtype: datetime64[us, UTC-05:00]
1   2026-03-23 01:46:00-05:00
3   2026-03-23 01:56:00-05:00
6   2026-03-23 02:06:00-05:00
Name: expected, dtype: datetime64[us, UTC-05:00]
Collected data for stop IU:1 at 2026-03-23 01:39:08.613273
Collected data for stop GRNGWN:7 at 2026-03-23 01:39:08.613273
Series([], Name: scheduled, dtype: datetime64[s])
Series([], Name: expected, dtype: datetime64[s])
Collected data for stop GRNGWN:7 at 2026-03-23 01:39:08.613273
Collected data for stop CHEMLS:1 at 2026-03-23 01:39:08.613273
0   2026-03-23 01:40:40-05:00
2   2026-03-23 01:50:40-05:00
3   2026-03-23 02:00:40-05:00
Name: scheduled, dtype: datetime64[us, UTC-05:00]
0   2026-03-23 01:40:40-05:00
2   2026-03-23 01:50:40-05:00
3   2026-03-23 02:00:40-05:00
Name: expected, dtype: datetime64[us, UTC-05:00]
Collected data for stop CHEMLS:1 at 2026-03-23 01:39:08.613273
Collected data for stop GWNNV:4 at 2026-03-23 01:39:08.613273
0   2026-03-23 01:42:00-05:00
2   2026-03-23 01:52:00-05:00
3   2026-03-23 02:02:00-05:00
Name: scheduled, dtype: datetime64[us, UTC-05:00]
0   2026-03-23 01:42:00-05:00
2   2026-03-23 01:52:00-05:00
3   2026-03-23 02:02:00-05:00
Name: expected, dtype: datetime64[us, UTC-05:00]
Collected data for stop GWNNV:4 at 2026-03-23 01:39:08.613273
Collected data for stop 5THARY:3 at 2026-03-23 01:39:08.613273
0   2026-03-23 01:42:39-05:00
1   2026-03-23 01:52:39-05:00
2   2026-03-23 02:02:39-05:00
Name: scheduled, dtype: datetime64[us, UTC-05:00]
0   2026-03-23 01:42:39-05:00
1   2026-03-23 01:52:39-05:00
2   2026-03-23 02:02:39-05:00
Name: expected, dtype: datetime64[us, UTC-05:00]
Collected data for stop 5THARY:3 at 2026-03-23 01:39:08.613273
Collected data for stop GRGLIB:1 at 2026-03-23 01:39:08.613273
Series([], Name: scheduled, dtype: datetime64[s])
Series([], Name: expected, dtype: datetime64[s])
Collected data for stop GRGLIB:1 at 2026-03-23 01:39:08.613273
Collected data for stop GRGMUM:1 at 2026-03-23 01:39:08.613273
Series([], Name: scheduled, dtype: datetime64[s])
Series([], Name: expected, dtype: datetime64[s])
Collected data for stop GRGMUM:1 at 2026-03-23 01:39:08.613273
Collected data for stop GWNGRG:3 at 2026-03-23 01:39:08.613273
Series([], Name: scheduled, dtype: datetime64[s])
Series([], Name: expected, dtype: datetime64[s])
Collected data for stop GWNGRG:3 at 2026-03-23 01:39:08.613273
Collected data for stop GWNNV:2 at 2026-03-23 01:39:08.613273
1   2026-03-23 01:45:26-05:00
4   2026-03-23 02:05:26-05:00
Name: scheduled, dtype: datetime64[us, UTC-05:00]
1   2026-03-23 01:45:26-05:00
4   2026-03-23 02:05:26-05:00
Name: expected, dtype: datetime64[us, UTC-05:00]
Collected data for stop GWNNV:2 at 2026-03-23 01:39:08.613273
Collected data for stop GRGLIB:2 at 2026-03-23 01:40:12.849815
0   2026-03-23 01:44:00-05:00
2   2026-03-23 01:54:00-05:00
3   2026-03-23 02:04:00-05:00
Name: scheduled, dtype: datetime64[us, UTC-05:00]
0   2026-03-23 01:44:00-05:00
2   2026-03-23 01:54:00-05:00
3   2026-03-23 02:04:00-05:00
Name: expected, dtype: datetime64[us, UTC-05:00]
Collected data for stop GRGLIB:2 at 2026-03-23 01:40:12.849815
Collected data for stop ARYWRT:5 at 2026-03-23 01:40:12.849815
0   2026-03-23 01:43:20-05:00
2   2026-03-23 01:53:20-05:00
3   2026-03-23 02:03:20-05:00
Name: scheduled, dtype: datetime64[us, UTC-05:00]
0   2026-03-23 01:43:20-05:00
2   2026-03-23 01:53:20-05:00
3   2026-03-23 02:03:20-05:00
Name: expected, dtype: datetime64[us, UTC-05:00]
Collected data for stop ARYWRT:5 at 2026-03-23 01:40:12.849815
Collected data for stop PLAZA:4 at 2026-03-23 01:40:12.849815
0   2026-03-23 01:44:00-05:00
2   2026-03-23 01:54:00-05:00
3   2026-03-23 02:04:00-05:00
Name: scheduled, dtype: datetime64[us, UTC-05:00]
0   2026-03-23 01:44:00-05:00
2   2026-03-23 01:54:00-05:00
3   2026-03-23 02:04:00-05:00
Name: expected, dtype: datetime64[us, UTC-05:00]
Collected data for stop PLAZA:4 at 2026-03-23 01:40:12.849815
Collected data for stop IU:1 at 2026-03-23 01:40:12.849815
1   2026-03-23 01:46:00-05:00
3   2026-03-23 01:56:00-05:00
6   2026-03-23 02:06:00-05:00
Name: scheduled, dtype: datetime64[us, UTC-05:00]
1   2026-03-23 01:46:00-05:00
3   2026-03-23 01:56:00-05:00
6   2026-03-23 02:06:00-05:00
Name: expected, dtype: datetime64[us, UTC-05:00]
Collected data for stop IU:1 at 2026-03-23 01:40:12.849815
Collected data for stop GRNGWN:7 at 2026-03-23 01:40:12.849815
Series([], Name: scheduled, dtype: datetime64[s])
Series([], Name: expected, dtype: datetime64[s])
Collected data for stop GRNGWN:7 at 2026-03-23 01:40:12.849815
Collected data for stop CHEMLS:1 at 2026-03-23 01:40:12.849815
0   2026-03-23 01:40:40-05:00
2   2026-03-23 01:50:40-05:00
3   2026-03-23 02:00:40-05:00
Name: scheduled, dtype: datetime64[us, UTC-05:00]
0   2026-03-23 01:40:40-05:00
2   2026-03-23 01:50:40-05:00
3   2026-03-23 02:00:40-05:00
Name: expected, dtype: datetime64[us, UTC-05:00]
Collected data for stop CHEMLS:1 at 2026-03-23 01:40:12.849815
Collected data for stop GWNNV:4 at 2026-03-23 01:40:12.849815
0   2026-03-23 01:42:00-05:00
2   2026-03-23 01:52:00-05:00
3   2026-03-23 02:02:00-05:00
Name: scheduled, dtype: datetime64[us, UTC-05:00]
0   2026-03-23 01:42:00-05:00
2   2026-03-23 01:52:00-05:00
3   2026-03-23 02:02:00-05:00
Name: expected, dtype: datetime64[us, UTC-05:00]
Collected data for stop GWNNV:4 at 2026-03-23 01:40:12.849815
Collected data for stop 5THARY:3 at 2026-03-23 01:40:12.849815
0   2026-03-23 01:42:39-05:00
1   2026-03-23 01:52:39-05:00
2   2026-03-23 02:02:39-05:00
Name: scheduled, dtype: datetime64[us, UTC-05:00]
0   2026-03-23 01:42:39-05:00
1   2026-03-23 01:52:39-05:00
2   2026-03-23 02:02:39-05:00
Name: expected, dtype: datetime64[us, UTC-05:00]
Collected data for stop 5THARY:3 at 2026-03-23 01:40:12.849815
Collected data for stop GRGLIB:1 at 2026-03-23 01:40:12.849815
Series([], Name: scheduled, dtype: datetime64[s])
Series([], Name: expected, dtype: datetime64[s])
Collected data for stop GRGLIB:1 at 2026-03-23 01:40:12.849815
Collected data for stop GRGMUM:1 at 2026-03-23 01:40:12.849815
Series([], Name: scheduled, dtype: datetime64[s])
Series([], Name: expected, dtype: datetime64[s])
Collected data for stop GRGMUM:1 at 2026-03-23 01:40:12.849815
Collected data for stop GWNGRG:3 at 2026-03-23 01:40:12.849815
Series([], Name: scheduled, dtype: datetime64[s])
Series([], Name: expected, dtype: datetime64[s])
Collected data for stop GWNGRG:3 at 2026-03-23 01:40:12.849815
Collected data for stop GWNNV:2 at 2026-03-23 01:40:12.849815
1   2026-03-23 01:45:26-05:00
4   2026-03-23 02:05:26-05:00
Name: scheduled, dtype: datetime64[us, UTC-05:00]
1   2026-03-23 01:45:26-05:00
4   2026-03-23 02:05:26-05:00
Name: expected, dtype: datetime64[us, UTC-05:00]
Collected data for stop GWNNV:2 at 2026-03-23 01:40:12.849815
Collected data for stop GRGLIB:2 at 2026-03-23 01:41:17.582138
0   2026-03-23 01:44:00-05:00
2   2026-03-23 01:54:00-05:00
3   2026-03-23 02:04:00-05:00
Name: scheduled, dtype: datetime64[us, UTC-05:00]
0   2026-03-23 01:44:00-05:00
2   2026-03-23 01:54:00-05:00
3   2026-03-23 02:04:00-05:00
Name: expected, dtype: datetime64[us, UTC-05:00]
Collected data for stop GRGLIB:2 at 2026-03-23 01:41:17.582138
Collected data for stop ARYWRT:5 at 2026-03-23 01:41:17.582138
0   2026-03-23 01:43:20-05:00
2   2026-03-23 01:53:20-05:00
3   2026-03-23 02:03:20-05:00
Name: scheduled, dtype: datetime64[us, UTC-05:00]
0   2026-03-23 01:43:20-05:00
2   2026-03-23 01:53:20-05:00
3   2026-03-23 02:03:20-05:00
Name: expected, dtype: datetime64[us, UTC-05:00]
Collected data for stop ARYWRT:5 at 2026-03-23 01:41:17.582138
Collected data for stop PLAZA:4 at 2026-03-23 01:41:17.582138
0   2026-03-23 01:44:00-05:00
2   2026-03-23 01:54:00-05:00
3   2026-03-23 02:04:00-05:00
Name: scheduled, dtype: datetime64[us, UTC-05:00]
0   2026-03-23 01:44:00-05:00
2   2026-03-23 01:54:00-05:00
3   2026-03-23 02:04:00-05:00
Name: expected, dtype: datetime64[us, UTC-05:00]
Collected data for stop PLAZA:4 at 2026-03-23 01:41:17.582138
Collected data for stop IU:1 at 2026-03-23 01:41:17.582138
1   2026-03-23 01:46:00-05:00
3   2026-03-23 01:56:00-05:00
6   2026-03-23 02:06:00-05:00
Name: scheduled, dtype: datetime64[us, UTC-05:00]
1   2026-03-23 01:46:00-05:00
3   2026-03-23 01:56:00-05:00
6   2026-03-23 02:06:00-05:00
Name: expected, dtype: datetime64[us, UTC-05:00]
Collected data for stop IU:1 at 2026-03-23 01:41:17.582138
Collected data for stop GRNGWN:7 at 2026-03-23 01:41:17.582138
Series([], Name: scheduled, dtype: datetime64[s])
Series([], Name: expected, dtype: datetime64[s])
Collected data for stop GRNGWN:7 at 2026-03-23 01:41:17.582138
Collected data for stop CHEMLS:1 at 2026-03-23 01:41:17.582138
1   2026-03-23 01:50:40-05:00
2   2026-03-23 02:00:40-05:00
4   2026-03-23 02:10:40-05:00
Name: scheduled, dtype: datetime64[us, UTC-05:00]
1   2026-03-23 01:50:40-05:00
2   2026-03-23 02:00:40-05:00
4   2026-03-23 02:10:40-05:00
Name: expected, dtype: datetime64[us, UTC-05:00]
Collected data for stop CHEMLS:1 at 2026-03-23 01:41:17.582138
Collected data for stop GWNNV:4 at 2026-03-23 01:41:17.582138
0   2026-03-23 01:42:00-05:00
2   2026-03-23 01:52:00-05:00
3   2026-03-23 02:02:00-05:00
Name: scheduled, dtype: datetime64[us, UTC-05:00]
0   2026-03-23 01:42:00-05:00
2   2026-03-23 01:52:00-05:00
3   2026-03-23 02:02:00-05:00
Name: expected, dtype: datetime64[us, UTC-05:00]
Collected data for stop GWNNV:4 at 2026-03-23 01:41:17.582138
Collected data for stop 5THARY:3 at 2026-03-23 01:41:17.582138
0   2026-03-23 01:42:39-05:00
1   2026-03-23 01:52:39-05:00
2   2026-03-23 02:02:39-05:00
Name: scheduled, dtype: datetime64[us, UTC-05:00]
0   2026-03-23 01:42:39-05:00
1   2026-03-23 01:52:39-05:00
2   2026-03-23 02:02:39-05:00
Name: expected, dtype: datetime64[us, UTC-05:00]
Collected data for stop 5THARY:3 at 2026-03-23 01:41:17.582138
Collected data for stop GRGLIB:1 at 2026-03-23 01:41:17.582138
Series([], Name: scheduled, dtype: datetime64[s])
Series([], Name: expected, dtype: datetime64[s])
Collected data for stop GRGLIB:1 at 2026-03-23 01:41:17.582138
Collected data for stop GRGMUM:1 at 2026-03-23 01:41:17.582138
Series([], Name: scheduled, dtype: datetime64[s])
Series([], Name: expected, dtype: datetime64[s])
Collected data for stop GRGMUM:1 at 2026-03-23 01:41:17.582138
Collected data for stop GWNGRG:3 at 2026-03-23 01:41:17.582138
Series([], Name: scheduled, dtype: datetime64[s])
Series([], Name: expected, dtype: datetime64[s])
Collected data for stop GWNGRG:3 at 2026-03-23 01:41:17.582138
Collected data for stop GWNNV:2 at 2026-03-23 01:41:17.582138
1   2026-03-23 01:45:26-05:00
4   2026-03-23 02:05:26-05:00
Name: scheduled, dtype: datetime64[us, UTC-05:00]
1   2026-03-23 01:45:26-05:00
4   2026-03-23 02:05:26-05:00
Name: expected, dtype: datetime64[us, UTC-05:00]
Collected data for stop GWNNV:2 at 2026-03-23 01:41:17.582138
Collected data for stop GRGLIB:2 at 2026-03-23 01:42:22.024572
0   2026-03-23 01:44:00-05:00
2   2026-03-23 01:54:00-05:00
3   2026-03-23 02:04:00-05:00
Name: scheduled, dtype: datetime64[us, UTC-05:00]
0   2026-03-23 01:44:00-05:00
2   2026-03-23 01:54:00-05:00
3   2026-03-23 02:04:00-05:00
Name: expected, dtype: datetime64[us, UTC-05:00]
Collected data for stop GRGLIB:2 at 2026-03-23 01:42:22.024572
Collected data for stop ARYWRT:5 at 2026-03-23 01:42:22.024572
0   2026-03-23 01:43:20-05:00
2   2026-03-23 01:53:20-05:00
3   2026-03-23 02:03:20-05:00
Name: scheduled, dtype: datetime64[us, UTC-05:00]
0   2026-03-23 01:43:20-05:00
2   2026-03-23 01:53:20-05:00
3   2026-03-23 02:03:20-05:00
Name: expected, dtype: datetime64[us, UTC-05:00]
Collected data for stop ARYWRT:5 at 2026-03-23 01:42:22.024572
Collected data for stop PLAZA:4 at 2026-03-23 01:42:22.024572
0   2026-03-23 01:44:00-05:00
2   2026-03-23 01:54:00-05:00
3   2026-03-23 02:04:00-05:00
Name: scheduled, dtype: datetime64[us, UTC-05:00]
0   2026-03-23 01:44:00-05:00
2   2026-03-23 01:54:00-05:00
3   2026-03-23 02:04:00-05:00
Name: expected, dtype: datetime64[us, UTC-05:00]
Collected data for stop PLAZA:4 at 2026-03-23 01:42:22.024572
Collected data for stop IU:1 at 2026-03-23 01:42:22.024572
1   2026-03-23 01:46:00-05:00
3   2026-03-23 01:56:00-05:00
6   2026-03-23 02:06:00-05:00
Name: scheduled, dtype: datetime64[us, UTC-05:00]
1   2026-03-23 01:46:00-05:00
3   2026-03-23 01:56:00-05:00
6   2026-03-23 02:06:00-05:00
Name: expected, dtype: datetime64[us, UTC-05:00]
Collected data for stop IU:1 at 2026-03-23 01:42:22.024572
Collected data for stop GRNGWN:7 at 2026-03-23 01:42:22.024572
Series([], Name: scheduled, dtype: datetime64[s])
Series([], Name: expected, dtype: datetime64[s])
Collected data for stop GRNGWN:7 at 2026-03-23 01:42:22.024572
Collected data for stop CHEMLS:1 at 2026-03-23 01:42:22.024572
1   2026-03-23 01:50:40-05:00
2   2026-03-23 02:00:40-05:00
4   2026-03-23 02:10:40-05:00
Name: scheduled, dtype: datetime64[us, UTC-05:00]
1   2026-03-23 01:50:40-05:00
2   2026-03-23 02:00:40-05:00
4   2026-03-23 02:10:40-05:00
Name: expected, dtype: datetime64[us, UTC-05:00]
Collected data for stop CHEMLS:1 at 2026-03-23 01:42:22.024572
Collected data for stop GWNNV:4 at 2026-03-23 01:42:22.024572
0   2026-03-23 01:42:00-05:00
2   2026-03-23 01:52:00-05:00
3   2026-03-23 02:02:00-05:00
5   2026-03-23 02:12:00-05:00
Name: scheduled, dtype: datetime64[us, UTC-05:00]
0   2026-03-23 01:42:00-05:00
2   2026-03-23 01:52:00-05:00
3   2026-03-23 02:02:00-05:00
5   2026-03-23 02:12:00-05:00
Name: expected, dtype: datetime64[us, UTC-05:00]
Collected data for stop GWNNV:4 at 2026-03-23 01:42:22.024572
Collected data for stop 5THARY:3 at 2026-03-23 01:42:22.024572
0   2026-03-23 01:42:39-05:00
1   2026-03-23 01:52:39-05:00
2   2026-03-23 02:02:39-05:00
Name: scheduled, dtype: datetime64[us, UTC-05:00]
0   2026-03-23 01:42:39-05:00
1   2026-03-23 01:52:39-05:00
2   2026-03-23 02:02:39-05:00
Name: expected, dtype: datetime64[us, UTC-05:00]
Collected data for stop 5THARY:3 at 2026-03-23 01:42:22.024572
Collected data for stop GRGLIB:1 at 2026-03-23 01:42:22.024572
Series([], Name: scheduled, dtype: datetime64[s])
Series([], Name: expected, dtype: datetime64[s])
Collected data for stop GRGLIB:1 at 2026-03-23 01:42:22.024572
Collected data for stop GRGMUM:1 at 2026-03-23 01:42:22.024572
Series([], Name: scheduled, dtype: datetime64[s])
Series([], Name: expected, dtype: datetime64[s])
Collected data for stop GRGMUM:1 at 2026-03-23 01:42:22.024572
Collected data for stop GWNGRG:3 at 2026-03-23 01:42:22.024572
Series([], Name: scheduled, dtype: datetime64[s])
Series([], Name: expected, dtype: datetime64[s])
Collected data for stop GWNGRG:3 at 2026-03-23 01:42:22.024572
Collected data for stop GWNNV:2 at 2026-03-23 01:42:22.024572
1   2026-03-23 01:45:26-05:00
4   2026-03-23 02:05:26-05:00
Name: scheduled, dtype: datetime64[us, UTC-05:00]
1   2026-03-23 01:45:26-05:00
4   2026-03-23 02:05:26-05:00
Name: expected, dtype: datetime64[us, UTC-05:00]
Collected data for stop GWNNV:2 at 2026-03-23 01:42:22.024572
Collected data for stop GRGLIB:2 at 2026-03-23 01:43:26.302224
0   2026-03-23 01:44:00-05:00
2   2026-03-23 01:54:00-05:00
3   2026-03-23 02:04:00-05:00
Name: scheduled, dtype: datetime64[us, UTC-05:00]
0   2026-03-23 01:44:00-05:00
2   2026-03-23 01:54:00-05:00
3   2026-03-23 02:04:00-05:00
Name: expected, dtype: datetime64[us, UTC-05:00]
Collected data for stop GRGLIB:2 at 2026-03-23 01:43:26.302224
Collected data for stop ARYWRT:5 at 2026-03-23 01:43:26.302224
1   2026-03-23 01:53:20-05:00
2   2026-03-23 02:03:20-05:00
5   2026-03-23 02:13:20-05:00
Name: scheduled, dtype: datetime64[us, UTC-05:00]
1   2026-03-23 01:53:20-05:00
2   2026-03-23 02:03:20-05:00
5   2026-03-23 02:13:20-05:00
Name: expected, dtype: datetime64[us, UTC-05:00]
Collected data for stop ARYWRT:5 at 2026-03-23 01:43:26.302224
Collected data for stop PLAZA:4 at 2026-03-23 01:43:26.302224
0   2026-03-23 01:44:00-05:00
2   2026-03-23 01:54:00-05:00
3   2026-03-23 02:04:00-05:00
Name: scheduled, dtype: datetime64[us, UTC-05:00]
0   2026-03-23 01:44:00-05:00
2   2026-03-23 01:54:00-05:00
3   2026-03-23 02:04:00-05:00
Name: expected, dtype: datetime64[us, UTC-05:00]
Collected data for stop PLAZA:4 at 2026-03-23 01:43:26.302224
Collected data for stop IU:1 at 2026-03-23 01:43:26.302224
0   2026-03-23 01:46:00-05:00
2   2026-03-23 01:56:00-05:00
5   2026-03-23 02:06:00-05:00
Name: scheduled, dtype: datetime64[us, UTC-05:00]
0   2026-03-23 01:46:00-05:00
2   2026-03-23 01:56:00-05:00
5   2026-03-23 02:06:00-05:00
Name: expected, dtype: datetime64[us, UTC-05:00]
Collected data for stop IU:1 at 2026-03-23 01:43:26.302224
Collected data for stop GRNGWN:7 at 2026-03-23 01:43:26.302224
Series([], Name: scheduled, dtype: datetime64[s])
Series([], Name: expected, dtype: datetime64[s])
Collected data for stop GRNGWN:7 at 2026-03-23 01:43:26.302224
Collected data for stop CHEMLS:1 at 2026-03-23 01:43:26.302224
1   2026-03-23 01:50:40-05:00
2   2026-03-23 02:00:40-05:00
4   2026-03-23 02:10:40-05:00
Name: scheduled, dtype: datetime64[us, UTC-05:00]
1   2026-03-23 01:50:40-05:00
2   2026-03-23 02:00:40-05:00
4   2026-03-23 02:10:40-05:00
Name: expected, dtype: datetime64[us, UTC-05:00]
Collected data for stop CHEMLS:1 at 2026-03-23 01:43:26.302224
Collected data for stop GWNNV:4 at 2026-03-23 01:43:26.302224
1   2026-03-23 01:52:00-05:00
2   2026-03-23 02:02:00-05:00
4   2026-03-23 02:12:00-05:00
Name: scheduled, dtype: datetime64[us, UTC-05:00]
1   2026-03-23 01:52:00-05:00
2   2026-03-23 02:02:00-05:00
4   2026-03-23 02:12:00-05:00
Name: expected, dtype: datetime64[us, UTC-05:00]
Collected data for stop GWNNV:4 at 2026-03-23 01:43:26.302224
Collected data for stop 5THARY:3 at 2026-03-23 01:43:26.302224
0   2026-03-23 01:52:39-05:00
1   2026-03-23 02:02:39-05:00
3   2026-03-23 02:12:39-05:00
Name: scheduled, dtype: datetime64[us, UTC-05:00]
0   2026-03-23 01:52:39-05:00
1   2026-03-23 02:02:39-05:00
3   2026-03-23 02:12:39-05:00
Name: expected, dtype: datetime64[us, UTC-05:00]
Collected data for stop 5THARY:3 at 2026-03-23 01:43:26.302224
Collected data for stop GRGLIB:1 at 2026-03-23 01:43:26.302224
Series([], Name: scheduled, dtype: datetime64[s])
Series([], Name: expected, dtype: datetime64[s])
Collected data for stop GRGLIB:1 at 2026-03-23 01:43:26.302224
Collected data for stop GRGMUM:1 at 2026-03-23 01:43:26.302224
Series([], Name: scheduled, dtype: datetime64[s])
Series([], Name: expected, dtype: datetime64[s])
Collected data for stop GRGMUM:1 at 2026-03-23 01:43:26.302224
Collected data for stop GWNGRG:3 at 2026-03-23 01:43:26.302224
Series([], Name: scheduled, dtype: datetime64[s])
Series([], Name: expected, dtype: datetime64[s])
Collected data for stop GWNGRG:3 at 2026-03-23 01:43:26.302224
Collected data for stop GWNNV:2 at 2026-03-23 01:43:26.302224
0   2026-03-23 01:45:26-05:00
3   2026-03-23 02:05:26-05:00
Name: scheduled, dtype: datetime64[us, UTC-05:00]
0   2026-03-23 01:45:26-05:00
3   2026-03-23 02:05:26-05:00
Name: expected, dtype: datetime64[us, UTC-05:00]
Collected data for stop GWNNV:2 at 2026-03-23 01:43:26.302224
Collected data for stop GRGLIB:2 at 2026-03-23 01:44:30.556857
1   2026-03-23 01:54:00-05:00
2   2026-03-23 02:04:00-05:00
4   2026-03-23 02:14:00-05:00
Name: scheduled, dtype: datetime64[us, UTC-05:00]
1   2026-03-23 01:54:00-05:00
2   2026-03-23 02:04:00-05:00
4   2026-03-23 02:14:00-05:00
Name: expected, dtype: datetime64[us, UTC-05:00]
Collected data for stop GRGLIB:2 at 2026-03-23 01:44:30.556857
Collected data for stop ARYWRT:5 at 2026-03-23 01:44:30.556857
1   2026-03-23 01:53:20-05:00
2   2026-03-23 02:03:20-05:00
5   2026-03-23 02:13:20-05:00
Name: scheduled, dtype: datetime64[us, UTC-05:00]
1   2026-03-23 01:53:20-05:00
2   2026-03-23 02:03:20-05:00
5   2026-03-23 02:13:20-05:00
Name: expected, dtype: datetime64[us, UTC-05:00]
Collected data for stop ARYWRT:5 at 2026-03-23 01:44:30.556857
Collected data for stop PLAZA:4 at 2026-03-23 01:44:30.556857
1   2026-03-23 01:54:00-05:00
2   2026-03-23 02:04:00-05:00
5   2026-03-23 02:14:00-05:00
Name: scheduled, dtype: datetime64[us, UTC-05:00]
1   2026-03-23 01:54:00-05:00
2   2026-03-23 02:04:00-05:00
5   2026-03-23 02:14:00-05:00
Name: expected, dtype: datetime64[us, UTC-05:00]
Collected data for stop PLAZA:4 at 2026-03-23 01:44:30.556857
Collected data for stop IU:1 at 2026-03-23 01:44:30.556857
0   2026-03-23 01:46:00-05:00
2   2026-03-23 01:56:00-05:00
5   2026-03-23 02:06:00-05:00
Name: scheduled, dtype: datetime64[us, UTC-05:00]
0   2026-03-23 01:46:00-05:00
2   2026-03-23 01:56:00-05:00
5   2026-03-23 02:06:00-05:00
Name: expected, dtype: datetime64[us, UTC-05:00]
Collected data for stop IU:1 at 2026-03-23 01:44:30.556857
Collected data for stop GRNGWN:7 at 2026-03-23 01:44:30.556857
Series([], Name: scheduled, dtype: datetime64[s])
Series([], Name: expected, dtype: datetime64[s])
Collected data for stop GRNGWN:7 at 2026-03-23 01:44:30.556857
Collected data for stop CHEMLS:1 at 2026-03-23 01:44:30.556857
0   2026-03-23 01:50:40-05:00
1   2026-03-23 02:00:40-05:00
3   2026-03-23 02:10:40-05:00
Name: scheduled, dtype: datetime64[us, UTC-05:00]
0   2026-03-23 01:50:40-05:00
1   2026-03-23 02:00:40-05:00
3   2026-03-23 02:10:40-05:00
Name: expected, dtype: datetime64[us, UTC-05:00]
Collected data for stop CHEMLS:1 at 2026-03-23 01:44:30.556857
Collected data for stop GWNNV:4 at 2026-03-23 01:44:30.556857
0   2026-03-23 01:52:00-05:00
1   2026-03-23 02:02:00-05:00
3   2026-03-23 02:12:00-05:00
Name: scheduled, dtype: datetime64[us, UTC-05:00]
0   2026-03-23 01:52:00-05:00
1   2026-03-23 02:02:00-05:00
3   2026-03-23 02:12:00-05:00
Name: expected, dtype: datetime64[us, UTC-05:00]
Collected data for stop GWNNV:4 at 2026-03-23 01:44:30.556857
Collected data for stop 5THARY:3 at 2026-03-23 01:44:30.556857
0   2026-03-23 01:52:39-05:00
1   2026-03-23 02:02:39-05:00
3   2026-03-23 02:12:39-05:00
Name: scheduled, dtype: datetime64[us, UTC-05:00]
0   2026-03-23 01:52:39-05:00
1   2026-03-23 02:02:39-05:00
3   2026-03-23 02:12:39-05:00
Name: expected, dtype: datetime64[us, UTC-05:00]
Collected data for stop 5THARY:3 at 2026-03-23 01:44:30.556857
Collected data for stop GRGLIB:1 at 2026-03-23 01:44:30.556857
Series([], Name: scheduled, dtype: datetime64[s])
Series([], Name: expected, dtype: datetime64[s])
Collected data for stop GRGLIB:1 at 2026-03-23 01:44:30.556857
Collected data for stop GRGMUM:1 at 2026-03-23 01:44:30.556857
Series([], Name: scheduled, dtype: datetime64[s])
Series([], Name: expected, dtype: datetime64[s])
Collected data for stop GRGMUM:1 at 2026-03-23 01:44:30.556857
Collected data for stop GWNGRG:3 at 2026-03-23 01:44:30.556857
Series([], Name: scheduled, dtype: datetime64[s])
Series([], Name: expected, dtype: datetime64[s])
Collected data for stop GWNGRG:3 at 2026-03-23 01:44:30.556857
Collected data for stop GWNNV:2 at 2026-03-23 01:44:30.556857
0   2026-03-23 01:45:26-05:00
3   2026-03-23 02:05:26-05:00
Name: scheduled, dtype: datetime64[us, UTC-05:00]
0   2026-03-23 01:45:26-05:00
3   2026-03-23 02:05:26-05:00
Name: expected, dtype: datetime64[us, UTC-05:00]
Collected data for stop GWNNV:2 at 2026-03-23 01:44:30.556857
Collected data for stop GRGLIB:2 at 2026-03-23 01:45:34.932896
1   2026-03-23 01:54:00-05:00
2   2026-03-23 02:04:00-05:00
4   2026-03-23 02:14:00-05:00
Name: scheduled, dtype: datetime64[us, UTC-05:00]
1   2026-03-23 01:54:00-05:00
2   2026-03-23 02:04:00-05:00
4   2026-03-23 02:14:00-05:00
Name: expected, dtype: datetime64[us, UTC-05:00]
Collected data for stop GRGLIB:2 at 2026-03-23 01:45:34.932896
Collected data for stop ARYWRT:5 at 2026-03-23 01:45:34.932896
1   2026-03-23 01:53:20-05:00
2   2026-03-23 02:03:20-05:00
5   2026-03-23 02:13:20-05:00
Name: scheduled, dtype: datetime64[us, UTC-05:00]
1   2026-03-23 01:53:20-05:00
2   2026-03-23 02:03:20-05:00
5   2026-03-23 02:13:20-05:00
Name: expected, dtype: datetime64[us, UTC-05:00]
Collected data for stop ARYWRT:5 at 2026-03-23 01:45:34.932896
Collected data for stop PLAZA:4 at 2026-03-23 01:45:34.932896
1   2026-03-23 01:54:00-05:00
2   2026-03-23 02:04:00-05:00
5   2026-03-23 02:14:00-05:00
Name: scheduled, dtype: datetime64[us, UTC-05:00]
1   2026-03-23 01:54:00-05:00
2   2026-03-23 02:04:00-05:00
5   2026-03-23 02:14:00-05:00
Name: expected, dtype: datetime64[us, UTC-05:00]
Collected data for stop PLAZA:4 at 2026-03-23 01:45:34.932896
Collected data for stop IU:1 at 2026-03-23 01:45:34.932896
0   2026-03-23 01:46:00-05:00
2   2026-03-23 01:56:00-05:00
5   2026-03-23 02:06:00-05:00
Name: scheduled, dtype: datetime64[us, UTC-05:00]
0   2026-03-23 01:46:00-05:00
2   2026-03-23 01:56:00-05:00
5   2026-03-23 02:06:00-05:00
Name: expected, dtype: datetime64[us, UTC-05:00]
Collected data for stop IU:1 at 2026-03-23 01:45:34.932896
Collected data for stop GRNGWN:7 at 2026-03-23 01:45:34.932896
Series([], Name: scheduled, dtype: datetime64[s])
Series([], Name: expected, dtype: datetime64[s])
Collected data for stop GRNGWN:7 at 2026-03-23 01:45:34.932896
Collected data for stop CHEMLS:1 at 2026-03-23 01:45:34.932896
0   2026-03-23 01:50:40-05:00
1   2026-03-23 02:00:40-05:00
3   2026-03-23 02:10:40-05:00
Name: scheduled, dtype: datetime64[us, UTC-05:00]
0   2026-03-23 01:50:40-05:00
1   2026-03-23 02:00:40-05:00
3   2026-03-23 02:10:40-05:00
Name: expected, dtype: datetime64[us, UTC-05:00]
Collected data for stop CHEMLS:1 at 2026-03-23 01:45:34.932896
Collected data for stop GWNNV:4 at 2026-03-23 01:45:34.932896
0   2026-03-23 01:52:00-05:00
1   2026-03-23 02:02:00-05:00
3   2026-03-23 02:12:00-05:00
Name: scheduled, dtype: datetime64[us, UTC-05:00]
0   2026-03-23 01:52:00-05:00
1   2026-03-23 02:02:00-05:00
3   2026-03-23 02:12:00-05:00
Name: expected, dtype: datetime64[us, UTC-05:00]
Collected data for stop GWNNV:4 at 2026-03-23 01:45:34.932896
Collected data for stop 5THARY:3 at 2026-03-23 01:45:34.932896
0   2026-03-23 01:52:39-05:00
1   2026-03-23 02:02:39-05:00
3   2026-03-23 02:12:39-05:00
Name: scheduled, dtype: datetime64[us, UTC-05:00]
0   2026-03-23 01:52:39-05:00
1   2026-03-23 02:02:39-05:00
3   2026-03-23 02:12:39-05:00
Name: expected, dtype: datetime64[us, UTC-05:00]
Collected data for stop 5THARY:3 at 2026-03-23 01:45:34.932896
Collected data for stop GRGLIB:1 at 2026-03-23 01:45:34.932896
Series([], Name: scheduled, dtype: datetime64[s])
Series([], Name: expected, dtype: datetime64[s])
Collected data for stop GRGLIB:1 at 2026-03-23 01:45:34.932896
Collected data for stop GRGMUM:1 at 2026-03-23 01:45:34.932896
Series([], Name: scheduled, dtype: datetime64[s])
Series([], Name: expected, dtype: datetime64[s])
Collected data for stop GRGMUM:1 at 2026-03-23 01:45:34.932896
Collected data for stop GWNGRG:3 at 2026-03-23 01:45:34.932896
Series([], Name: scheduled, dtype: datetime64[s])
Series([], Name: expected, dtype: datetime64[s])
Collected data for stop GWNGRG:3 at 2026-03-23 01:45:34.932896
Collected data for stop GWNNV:2 at 2026-03-23 01:45:34.932896
2   2026-03-23 02:05:26-05:00
Name: scheduled, dtype: datetime64[us, UTC-05:00]
2   2026-03-23 02:05:26-05:00
Name: expected, dtype: datetime64[us, UTC-05:00]
Collected data for stop GWNNV:2 at 2026-03-23 01:45:34.932896
Collected data for stop GRGLIB:2 at 2026-03-23 01:46:38.876409
1   2026-03-23 01:54:00-05:00
2   2026-03-23 02:04:00-05:00
4   2026-03-23 02:14:00-05:00
Name: scheduled, dtype: datetime64[us, UTC-05:00]
1   2026-03-23 01:54:00-05:00
2   2026-03-23 02:04:00-05:00
4   2026-03-23 02:14:00-05:00
Name: expected, dtype: datetime64[us, UTC-05:00]
Collected data for stop GRGLIB:2 at 2026-03-23 01:46:38.876409
Collected data for stop ARYWRT:5 at 2026-03-23 01:46:38.876409
1   2026-03-23 01:53:20-05:00
2   2026-03-23 02:03:20-05:00
5   2026-03-23 02:13:20-05:00
Name: scheduled, dtype: datetime64[us, UTC-05:00]
1   2026-03-23 01:53:20-05:00
2   2026-03-23 02:03:20-05:00
5   2026-03-23 02:13:20-05:00
Name: expected, dtype: datetime64[us, UTC-05:00]
Collected data for stop ARYWRT:5 at 2026-03-23 01:46:38.876409
Collected data for stop PLAZA:4 at 2026-03-23 01:46:38.876409
1   2026-03-23 01:54:00-05:00
2   2026-03-23 02:04:00-05:00
5   2026-03-23 02:14:00-05:00
Name: scheduled, dtype: datetime64[us, UTC-05:00]
1   2026-03-23 01:54:00-05:00
2   2026-03-23 02:04:00-05:00
5   2026-03-23 02:14:00-05:00
Name: expected, dtype: datetime64[us, UTC-05:00]
Collected data for stop PLAZA:4 at 2026-03-23 01:46:38.876409
Collected data for stop IU:1 at 2026-03-23 01:46:38.876409
1   2026-03-23 01:56:00-05:00
4   2026-03-23 02:06:00-05:00
6   2026-03-23 02:16:00-05:00
Name: scheduled, dtype: datetime64[us, UTC-05:00]
1   2026-03-23 01:56:00-05:00
4   2026-03-23 02:06:00-05:00
6   2026-03-23 02:16:00-05:00
Name: expected, dtype: datetime64[us, UTC-05:00]
Collected data for stop IU:1 at 2026-03-23 01:46:38.876409
Collected data for stop GRNGWN:7 at 2026-03-23 01:46:38.876409
Series([], Name: scheduled, dtype: datetime64[s])
Series([], Name: expected, dtype: datetime64[s])
Collected data for stop GRNGWN:7 at 2026-03-23 01:46:38.876409
Collected data for stop CHEMLS:1 at 2026-03-23 01:46:38.876409
0   2026-03-23 01:50:40-05:00
1   2026-03-23 02:00:40-05:00
3   2026-03-23 02:10:40-05:00
Name: scheduled, dtype: datetime64[us, UTC-05:00]
0   2026-03-23 01:50:40-05:00
1   2026-03-23 02:00:40-05:00
3   2026-03-23 02:10:40-05:00
Name: expected, dtype: datetime64[us, UTC-05:00]
Collected data for stop CHEMLS:1 at 2026-03-23 01:46:38.876409
Collected data for stop GWNNV:4 at 2026-03-23 01:46:38.876409
0   2026-03-23 01:52:00-05:00
1   2026-03-23 02:02:00-05:00
3   2026-03-23 02:12:00-05:00
Name: scheduled, dtype: datetime64[us, UTC-05:00]
0   2026-03-23 01:52:00-05:00
1   2026-03-23 02:02:00-05:00
3   2026-03-23 02:12:00-05:00
Name: expected, dtype: datetime64[us, UTC-05:00]
Collected data for stop GWNNV:4 at 2026-03-23 01:46:38.876409
Collected data for stop 5THARY:3 at 2026-03-23 01:46:38.876409
0   2026-03-23 01:52:39-05:00
1   2026-03-23 02:02:39-05:00
3   2026-03-23 02:12:39-05:00
Name: scheduled, dtype: datetime64[us, UTC-05:00]
0   2026-03-23 01:52:39-05:00
1   2026-03-23 02:02:39-05:00
3   2026-03-23 02:12:39-05:00
Name: expected, dtype: datetime64[us, UTC-05:00]
Collected data for stop 5THARY:3 at 2026-03-23 01:46:38.876409
Collected data for stop GRGLIB:1 at 2026-03-23 01:46:38.876409
Series([], Name: scheduled, dtype: datetime64[s])
Series([], Name: expected, dtype: datetime64[s])
Collected data for stop GRGLIB:1 at 2026-03-23 01:46:38.876409
Collected data for stop GRGMUM:1 at 2026-03-23 01:46:38.876409
Series([], Name: scheduled, dtype: datetime64[s])
Series([], Name: expected, dtype: datetime64[s])
Collected data for stop GRGMUM:1 at 2026-03-23 01:46:38.876409
Collected data for stop GWNGRG:3 at 2026-03-23 01:46:38.876409
Series([], Name: scheduled, dtype: datetime64[s])
Series([], Name: expected, dtype: datetime64[s])
Collected data for stop GWNGRG:3 at 2026-03-23 01:46:38.876409
Collected data for stop GWNNV:2 at 2026-03-23 01:46:38.876409
2   2026-03-23 02:05:26-05:00
Name: scheduled, dtype: datetime64[us, UTC-05:00]
2   2026-03-23 02:05:26-05:00
Name: expected, dtype: datetime64[us, UTC-05:00]
Collected data for stop GWNNV:2 at 2026-03-23 01:46:38.876409
Collected data for stop GRGLIB:2 at 2026-03-23 01:47:42.920189
1   2026-03-23 01:54:00-05:00
2   2026-03-23 02:04:00-05:00
4   2026-03-23 02:14:00-05:00
Name: scheduled, dtype: datetime64[us, UTC-05:00]
1   2026-03-23 01:54:00-05:00
2   2026-03-23 02:04:00-05:00
4   2026-03-23 02:14:00-05:00
Name: expected, dtype: datetime64[us, UTC-05:00]
Collected data for stop GRGLIB:2 at 2026-03-23 01:47:42.920189
Collected data for stop ARYWRT:5 at 2026-03-23 01:47:42.920189
1   2026-03-23 01:53:20-05:00
2   2026-03-23 02:03:20-05:00
5   2026-03-23 02:13:20-05:00
Name: scheduled, dtype: datetime64[us, UTC-05:00]
1   2026-03-23 01:53:20-05:00
2   2026-03-23 02:03:20-05:00
5   2026-03-23 02:13:20-05:00
Name: expected, dtype: datetime64[us, UTC-05:00]
Collected data for stop ARYWRT:5 at 2026-03-23 01:47:42.920189
Collected data for stop PLAZA:4 at 2026-03-23 01:47:42.920189
1   2026-03-23 01:54:00-05:00
2   2026-03-23 02:04:00-05:00
5   2026-03-23 02:14:00-05:00
Name: scheduled, dtype: datetime64[us, UTC-05:00]
1   2026-03-23 01:54:00-05:00
2   2026-03-23 02:04:00-05:00
5   2026-03-23 02:14:00-05:00
Name: expected, dtype: datetime64[us, UTC-05:00]
Collected data for stop PLAZA:4 at 2026-03-23 01:47:42.920189
Collected data for stop IU:1 at 2026-03-23 01:47:42.920189
1   2026-03-23 01:56:00-05:00
4   2026-03-23 02:06:00-05:00
6   2026-03-23 02:16:00-05:00
Name: scheduled, dtype: datetime64[us, UTC-05:00]
1   2026-03-23 01:56:00-05:00
4   2026-03-23 02:06:00-05:00
6   2026-03-23 02:16:00-05:00
Name: expected, dtype: datetime64[us, UTC-05:00]
Collected data for stop IU:1 at 2026-03-23 01:47:42.920189
Collected data for stop GRNGWN:7 at 2026-03-23 01:47:42.920189
Series([], Name: scheduled, dtype: datetime64[s])
Series([], Name: expected, dtype: datetime64[s])
Collected data for stop GRNGWN:7 at 2026-03-23 01:47:42.920189
Collected data for stop CHEMLS:1 at 2026-03-23 01:47:42.920189
0   2026-03-23 01:50:40-05:00
1   2026-03-23 02:00:40-05:00
3   2026-03-23 02:10:40-05:00
Name: scheduled, dtype: datetime64[us, UTC-05:00]
0   2026-03-23 01:50:40-05:00
1   2026-03-23 02:00:40-05:00
3   2026-03-23 02:10:40-05:00
Name: expected, dtype: datetime64[us, UTC-05:00]
Collected data for stop CHEMLS:1 at 2026-03-23 01:47:42.920189
Collected data for stop GWNNV:4 at 2026-03-23 01:47:42.920189
0   2026-03-23 01:52:00-05:00
1   2026-03-23 02:02:00-05:00
3   2026-03-23 02:12:00-05:00
Name: scheduled, dtype: datetime64[us, UTC-05:00]
0   2026-03-23 01:52:00-05:00
1   2026-03-23 02:02:00-05:00
3   2026-03-23 02:12:00-05:00
Name: expected, dtype: datetime64[us, UTC-05:00]
Collected data for stop GWNNV:4 at 2026-03-23 01:47:42.920189
Collected data for stop 5THARY:3 at 2026-03-23 01:47:42.920189
0   2026-03-23 01:52:39-05:00
1   2026-03-23 02:02:39-05:00
3   2026-03-23 02:12:39-05:00
Name: scheduled, dtype: datetime64[us, UTC-05:00]
0   2026-03-23 01:52:39-05:00
1   2026-03-23 02:02:39-05:00
3   2026-03-23 02:12:39-05:00
Name: expected, dtype: datetime64[us, UTC-05:00]
Collected data for stop 5THARY:3 at 2026-03-23 01:47:42.920189
Collected data for stop GRGLIB:1 at 2026-03-23 01:47:42.920189
Series([], Name: scheduled, dtype: datetime64[s])
Series([], Name: expected, dtype: datetime64[s])
Collected data for stop GRGLIB:1 at 2026-03-23 01:47:42.920189
Collected data for stop GRGMUM:1 at 2026-03-23 01:47:42.920189
Series([], Name: scheduled, dtype: datetime64[s])
Series([], Name: expected, dtype: datetime64[s])
Collected data for stop GRGMUM:1 at 2026-03-23 01:47:42.920189
Collected data for stop GWNGRG:3 at 2026-03-23 01:47:42.920189
Series([], Name: scheduled, dtype: datetime64[s])